<?xml version="1.0" encoding="UTF-8"?>
<!-- Generated by org.testng.reporters.JUnitXMLReporter -->
<testsuite ignored="2" hostname="BANRAOAD-M" failures="0" tests="2" name="MarketingTests_OwnerMarketing" time="206.832" errors="0" timestamp="2025-05-28T10:08:03 IST">
  <testcase classname="pim.automation.framework.TC_001_Marketing_Owner_Test" name="Marketing_Owner" time="86.903"/>
  <testcase classname="pim.automation.framework.TC_002_MarketingWorkFlowApproval" name="MarketingWorkFlowApproval" time="84.376"/>
  <testcase classname="common_functions.BaseTest" name="@BeforeSuite intitializeReport" time="0.0">
    <ignored/>
  </testcase> <!-- @BeforeSuite intitializeReport -->
  <testcase classname="common_functions.BaseTest" name="@AfterSuite publishReport" time="0.0">
    <ignored/>
  </testcase> <!-- @AfterSuite publishReport -->
</testsuite> <!-- MarketingTests_OwnerMarketing -->
