<?xml version="1.0" encoding="UTF-8"?>
<!-- Generated by org.testng.reporters.JUnitXMLReporter -->
<testsuite ignored="2" hostname="BANRAOAD-M" failures="0" tests="2" name="Test" time="20.375" errors="0" timestamp="2025-03-27T20:24:22 IST">
  <testcase classname="pim.automation.framework.abcTest" name="tc01" time="3.2"/>
  <testcase classname="pim.automation.framework.abc2Test" name="tc02" time="7.644"/>
  <testcase classname="common_functions.BaseTest" name="@BeforeSuite intitializeReport" time="0.0">
    <ignored/>
  </testcase> <!-- @BeforeSuite intitializeReport -->
  <testcase classname="common_functions.BaseTest" name="@AfterSuite publishReport" time="0.0">
    <ignored/>
  </testcase> <!-- @AfterSuite publishReport -->
</testsuite> <!-- Test -->
