<?xml version="1.0" encoding="UTF-8"?>
<!-- Generated by org.testng.reporters.JUnitXMLReporter -->
<testsuite ignored="0" hostname="BANRAOAD-M" failures="1" tests="1" name="DigitalAssetOwner" time="43.006" errors="0" timestamp="2025-08-19T16:03:07 IST">
  <testcase classname="pim.automation.framework.TC_008_DAM_Review_Unclassified_Images" name="GetClassified_Images" time="32.136">
    <failure type="java.lang.AssertionError" message="There are NO data for the operation to perform. Exiting">
      <![CDATA[java.lang.AssertionError: There are NO data for the operation to perform. Exiting
at pim.automation.framework.TC_008_DAM_Review_Unclassified_Images.GetClassified_Images(TC_008_DAM_Review_Unclassified_Images.java:142)
at java.base/java.util.ArrayList.forEach(ArrayList.java:1596)
... Removed 26 stack frames]]>
    </failure>
  </testcase> <!-- GetClassified_Images -->
</testsuite> <!-- DigitalAssetOwner -->
